<?xml version="1.0" encoding="UTF-8"?>
<testsuite xmlns:xsi="http://www.w3.org/2001/XMLSchema-instance" xsi:noNamespaceSchemaLocation="https://maven.apache.org/surefire/maven-surefire-plugin/xsd/surefire-test-report.xsd" version="3.0.2" name="com.beethere.app.AppApplicationTests" time="4.797" tests="1" errors="0" skipped="0" failures="0">
  <properties>
[...]
</properties>
  <testcase name="contextLoads" classname="com.beethere.app.AppApplicationTests" time="1.131">
    <system-out><![CDATA[17:34:36.871 [main] INFO org.springframework.test.context.support.AnnotationConfigContextLoaderUtils -- Could not detect default configuration classes for test class [com.beethere.app.AppApplicationTests]: AppApplicationTests does not declare any static, non-private, non-final, nested classes annotated with @Configuration.
17:34:37.152 [main] INFO org.springframework.boot.test.context.SpringBootTestContextBootstrapper -- Found @SpringBootConfiguration com.beethere.app.AppApplication for test class com.beethere.app.AppApplicationTests

  .   ____          _            __ _ _
 /\\ / ___'_ __ _ _(_)_ __  __ _ \ \ \ \
( ( )\___ | '_ | '_| | '_ \/ _` | \ \ \ \
 \\/  ___)| |_)| | | | | || (_| |  ) ) ) )
  '  |____| .__|_| |_|_| |_\__, | / / / /
 =========|_|==============|___/=/_/_/_/

 :: Spring Boot ::                (v3.5.7)

2025-10-30T17:34:38.211-04:00  INFO 793831 --- [app] [           main] com.beethere.app.AppApplicationTests     : Starting AppApplicationTests using Java 21.0.8 with PID 793831 (started by protech in /home/protech/BeeThere/src)
2025-10-30T17:34:38.214-04:00  INFO 793831 --- [app] [           main] com.beethere.app.AppApplicationTests     : No active profile set, falling back to 1 default profile: "default"
2025-10-30T17:34:39.124-04:00  INFO 793831 --- [app] [           main] o.s.cloud.context.scope.GenericScope     : BeanFactory id=de53214d-6dbc-39a7-a541-4932e08e759e
2025-10-30T17:34:40.091-04:00  INFO 793831 --- [app] [           main] com.beethere.app.AppApplicationTests     : Started AppApplicationTests in 2.313 seconds (process running for 4.793)
]]></system-out>
    <system-err><![CDATA[Mockito is currently self-attaching to enable the inline-mock-maker. This will no longer work in future releases of the JDK. Please add Mockito as an agent to your build as described in Mockito's documentation: https://javadoc.io/doc/org.mockito/mockito-core/latest/org.mockito/org/mockito/Mockito.html#0.3
WARNING: A Java agent has been loaded dynamically (/home/protech/.m2/repository/net/bytebuddy/byte-buddy-agent/1.17.8/byte-buddy-agent-1.17.8.jar)
WARNING: If a serviceability tool is in use, please run with -XX:+EnableDynamicAgentLoading to hide this warning
WARNING: If a serviceability tool is not in use, please run with -Djdk.instrument.traceUsage for more information
WARNING: Dynamic loading of agents will be disallowed by default in a future release
]]></system-err>
  </testcase>
</testsuite>